2020-03-27 19:26:55,791 Checking if TLJH is already installed...
2020-03-27 19:26:55,792 Setting up hub environment
2020-03-27 19:27:33,746 Installed python & virtual environment
2020-03-27 19:27:38,642 Set up hub virtual environment
2020-03-27 19:27:38,643 Setting up TLJH installer...
2020-03-27 19:29:14,084 Setup tljh package
2020-03-27 19:29:14,085 Starting TLJH installer...
2020-03-27 19:29:14,757 Setting up admin users
2020-03-27 19:29:15,093 Granting passwordless sudo to JupyterHub admins...
2020-03-27 19:29:15,095 Setting up user environment...
2020-03-27 19:29:15,113 Downloading & setting up user environment...
2020-03-27 19:46:13,640 Checking if TLJH is already installed...
2020-03-27 19:46:13,641 TLJH already installed, upgrading...
2020-03-27 19:46:13,641 Upgrading TLJH installer...
2020-03-27 19:46:46,600 Setup tljh package
2020-03-27 19:46:46,600 Starting TLJH installer...
2020-03-27 19:46:47,224 Setting up admin users
2020-03-27 19:46:47,243 Granting passwordless sudo to JupyterHub admins...
2020-03-27 19:46:47,244 Setting up user environment...
2020-03-27 19:46:47,254 Downloading & setting up user environment...
2020-03-28 07:48:54,626 Checking if TLJH is already installed...
2020-03-28 07:48:54,628 TLJH already installed, upgrading...
2020-03-28 07:48:54,628 Upgrading TLJH installer...
2020-03-28 07:49:14,791 Setup tljh package
2020-03-28 07:49:14,791 Starting TLJH installer...
2020-03-28 07:49:15,064 Setting up admin users
2020-03-28 07:49:15,071 Granting passwordless sudo to JupyterHub admins...
2020-03-28 07:49:15,072 Setting up user environment...
2020-03-28 07:49:15,074 Downloading & setting up user environment...
2020-03-28 07:51:17,201 Setting up JupyterHub...
2020-03-28 07:55:03,049 Waiting for JupyterHub to come up (1/20 tries)
2020-03-28 07:55:04,054 Waiting for JupyterHub to come up (2/20 tries)
2020-03-28 07:55:04,058 Done!
